2024-05-18T12:57:52.312+02:00  INFO 43281 --- [Bildergallerie] [main] d.e.d.s.b.BildergallerieApplication      : Starting BildergallerieApplication using Java 17.0.10 with PID 43281 (/home/michi/Downloads/bildergallerie/target/classes started by michi in /home/michi/Downloads/bildergallerie)
2024-05-18T12:57:52.316+02:00  INFO 43281 --- [Bildergallerie] [main] d.e.d.s.b.BildergallerieApplication      : No active profile set, falling back to 1 default profile: "default"
2024-05-18T12:57:53.382+02:00  INFO 43281 --- [Bildergallerie] [main] .s.d.r.c.RepositoryConfigurationDelegate : Bootstrapping Spring Data JPA repositories in DEFAULT mode.
2024-05-18T12:57:53.429+02:00  INFO 43281 --- [Bildergallerie] [main] .s.d.r.c.RepositoryConfigurationDelegate : Finished Spring Data repository scanning in 29 ms. Found 0 JPA repository interfaces.
2024-05-18T12:57:54.381+02:00  INFO 43281 --- [Bildergallerie] [main] o.s.b.w.embedded.tomcat.TomcatWebServer  : Tomcat initialized with port 8080 (http)
2024-05-18T12:57:54.413+02:00  INFO 43281 --- [Bildergallerie] [main] o.apache.catalina.core.StandardService   : Starting service [Tomcat]
2024-05-18T12:57:54.416+02:00  INFO 43281 --- [Bildergallerie] [main] o.apache.catalina.core.StandardEngine    : Starting Servlet engine: [Apache Tomcat/10.1.20]
2024-05-18T12:57:54.531+02:00  INFO 43281 --- [Bildergallerie] [main] o.a.c.c.C.[Tomcat].[localhost].[/]       : Initializing Spring embedded WebApplicationContext
2024-05-18T12:57:54.532+02:00  INFO 43281 --- [Bildergallerie] [main] w.s.c.ServletWebServerApplicationContext : Root WebApplicationContext: initialization completed in 2122 ms
2024-05-18T12:57:54.606+02:00  INFO 43281 --- [Bildergallerie] [main] com.zaxxer.hikari.HikariDataSource       : HikariPool-1 - Starting...
2024-05-18T12:57:54.980+02:00  INFO 43281 --- [Bildergallerie] [main] com.zaxxer.hikari.pool.HikariPool        : HikariPool-1 - Added connection conn0: url=jdbc:h2:file:./db/bildergallerie user=SA
2024-05-18T12:57:54.984+02:00  INFO 43281 --- [Bildergallerie] [main] com.zaxxer.hikari.HikariDataSource       : HikariPool-1 - Start completed.
2024-05-18T12:57:55.006+02:00  INFO 43281 --- [Bildergallerie] [main] o.s.b.a.h2.H2ConsoleAutoConfiguration    : H2 console available at '/h2-console'. Database available at 'jdbc:h2:file:./db/bildergallerie'
2024-05-18T12:57:55.299+02:00  INFO 43281 --- [Bildergallerie] [main] o.hibernate.jpa.internal.util.LogHelper  : HHH000204: Processing PersistenceUnitInfo [name: default]
2024-05-18T12:57:55.424+02:00  INFO 43281 --- [Bildergallerie] [main] org.hibernate.Version                    : HHH000412: Hibernate ORM core version 6.4.4.Final
2024-05-18T12:57:55.499+02:00  INFO 43281 --- [Bildergallerie] [main] o.h.c.internal.RegionFactoryInitiator    : HHH000026: Second-level cache disabled
2024-05-18T12:57:55.946+02:00  INFO 43281 --- [Bildergallerie] [main] o.s.o.j.p.SpringPersistenceUnitInfo      : No LoadTimeWeaver setup: ignoring JPA class transformer
2024-05-18T12:57:56.050+02:00  WARN 43281 --- [Bildergallerie] [main] org.hibernate.orm.deprecation            : HHH90000025: H2Dialect does not need to be specified explicitly using 'hibernate.dialect' (remove the property setting and it will be selected by default)
2024-05-18T12:57:57.165+02:00  INFO 43281 --- [Bildergallerie] [main] o.h.e.t.j.p.i.JtaPlatformInitiator       : HHH000489: No JTA platform available (set 'hibernate.transaction.jta.platform' to enable JTA platform integration)
2024-05-18T12:57:57.170+02:00  INFO 43281 --- [Bildergallerie] [main] j.LocalContainerEntityManagerFactoryBean : Initialized JPA EntityManagerFactory for persistence unit 'default'
2024-05-18T12:57:57.240+02:00  WARN 43281 --- [Bildergallerie] [main] JpaBaseConfiguration$JpaWebConfiguration : spring.jpa.open-in-view is enabled by default. Therefore, database queries may be performed during view rendering. Explicitly configure spring.jpa.open-in-view to disable this warning
2024-05-18T12:57:57.291+02:00  INFO 43281 --- [Bildergallerie] [main] o.s.b.a.w.s.WelcomePageHandlerMapping    : Adding welcome page: class path resource [static/index.html]
2024-05-18T12:57:57.649+02:00  WARN 43281 --- [Bildergallerie] [main] ion$DefaultTemplateResolverConfiguration : Cannot find template location: classpath:/templates/ (please add some templates, check your Thymeleaf configuration, or set spring.thymeleaf.check-template-location=false)
2024-05-18T12:57:57.847+02:00  INFO 43281 --- [Bildergallerie] [main] o.s.b.w.embedded.tomcat.TomcatWebServer  : Tomcat started on port 8080 (http) with context path ''
2024-05-18T12:57:57.868+02:00  INFO 43281 --- [Bildergallerie] [main] d.e.d.s.b.BildergallerieApplication      : Started BildergallerieApplication in 6.398 seconds (process running for 7.098)
2024-05-18T12:58:00.702+02:00  INFO 43281 --- [Bildergallerie] [SpringApplicationShutdownHook] j.LocalContainerEntityManagerFactoryBean : Closing JPA EntityManagerFactory for persistence unit 'default'
2024-05-18T12:58:00.706+02:00  INFO 43281 --- [Bildergallerie] [SpringApplicationShutdownHook] com.zaxxer.hikari.HikariDataSource       : HikariPool-1 - Shutdown initiated...
2024-05-18T12:58:00.712+02:00  INFO 43281 --- [Bildergallerie] [SpringApplicationShutdownHook] com.zaxxer.hikari.HikariDataSource       : HikariPool-1 - Shutdown completed.
